c:\users\user\downloads\directx_3d (1)\directx3d\x64\debug\directx3d.pch
c:\users\user\downloads\directx_3d (1)\directx3d\x64\debug\vc143.pdb
c:\users\user\downloads\directx_3d (1)\directx3d\x64\debug\vc143.idb
c:\users\user\downloads\directx_3d (1)\directx3d\x64\debug\framework.obj
c:\users\user\downloads\directx_3d (1)\directx3d\x64\debug\modelmesh.obj
c:\users\user\downloads\directx_3d (1)\directx3d\x64\debug\modelinstancing.obj
c:\users\user\downloads\directx_3d (1)\directx3d\x64\debug\modelexporter.obj
c:\users\user\downloads\directx_3d (1)\directx3d\x64\debug\modelclip.obj
c:\users\user\downloads\directx_3d (1)\directx3d\x64\debug\modelanimatorinstancing.obj
c:\users\user\downloads\directx_3d (1)\directx3d\x64\debug\modelanimator.obj
c:\users\user\downloads\directx_3d (1)\directx3d\x64\debug\transform.obj
c:\users\user\downloads\directx_3d (1)\directx3d\x64\debug\gamemath.obj
c:\users\user\downloads\directx_3d (1)\directx3d\x64\debug\environment.obj
c:\users\user\downloads\directx_3d (1)\directx3d\x64\debug\camera.obj
c:\users\user\downloads\directx_3d (1)\directx3d\x64\debug\spherecollider.obj
c:\users\user\downloads\directx_3d (1)\directx3d\x64\debug\collider.obj
c:\users\user\downloads\directx_3d (1)\directx3d\x64\debug\capsulecollider.obj
c:\users\user\downloads\directx_3d (1)\directx3d\x64\debug\boxcollider.obj
c:\users\user\downloads\directx_3d (1)\directx3d\x64\debug\vertexbuffer.obj
c:\users\user\downloads\directx_3d (1)\directx3d\x64\debug\structuredbuffer.obj
c:\users\user\downloads\directx_3d (1)\directx3d\x64\debug\rawbuffer.obj
c:\users\user\downloads\directx_3d (1)\directx3d\x64\debug\indexbuffer.obj
c:\users\user\downloads\directx_3d (1)\directx3d\x64\debug\constbuffer.obj
c:\users\user\downloads\directx_3d (1)\directx3d\x64\debug\directx3d.obj
c:\users\user\downloads\directx_3d (1)\directx3d\x64\debug\animinstanceeditor.obj
c:\users\user\downloads\directx_3d (1)\directx3d\x64\debug\utility.obj
c:\users\user\downloads\directx_3d (1)\directx3d\x64\debug\tinyxml2.obj
c:\users\user\downloads\directx_3d (1)\directx3d\x64\debug\timer.obj
c:\users\user\downloads\directx_3d (1)\directx3d\x64\debug\observer.obj
c:\users\user\downloads\directx_3d (1)\directx3d\x64\debug\keyboard.obj
c:\users\user\downloads\directx_3d (1)\directx3d\x64\debug\font.obj
c:\users\user\downloads\directx_3d (1)\directx3d\x64\debug\binarywriter.obj
c:\users\user\downloads\directx_3d (1)\directx3d\x64\debug\binaryreader.obj
c:\users\user\downloads\directx_3d (1)\directx3d\x64\debug\device.obj
c:\users\user\downloads\directx_3d (1)\directx3d\x64\debug\samplerstate.obj
c:\users\user\downloads\directx_3d (1)\directx3d\x64\debug\rasterizerstate.obj
c:\users\user\downloads\directx_3d (1)\directx3d\x64\debug\blendstate.obj
c:\users\user\downloads\directx_3d (1)\directx3d\x64\debug\vertexshader.obj
c:\users\user\downloads\directx_3d (1)\directx3d\x64\debug\shader.obj
c:\users\user\downloads\directx_3d (1)\directx3d\x64\debug\pixelshader.obj
c:\users\user\downloads\directx_3d (1)\directx3d\x64\debug\computeshader.obj
c:\users\user\downloads\directx_3d (1)\directx3d\x64\debug\texture.obj
c:\users\user\downloads\directx_3d (1)\directx3d\x64\debug\material.obj
c:\users\user\downloads\directx_3d (1)\directx3d\x64\debug\model.obj
c:\users\user\downloads\directx_3d (1)\directx3d\x64\debug\gridscene.obj
c:\users\user\downloads\directx_3d (1)\directx3d\x64\debug\exportscene.obj
c:\users\user\downloads\directx_3d (1)\directx3d\x64\debug\defencegamescene.obj
c:\users\user\downloads\directx_3d (1)\directx3d\x64\debug\cubescene.obj
c:\users\user\downloads\directx_3d (1)\directx3d\x64\debug\collisionscene.obj
c:\users\user\downloads\directx_3d (1)\directx3d\x64\debug\blockmanager.obj
c:\users\user\downloads\directx_3d (1)\directx3d\x64\debug\terraineditor.obj
c:\users\user\downloads\directx_3d (1)\directx3d\x64\debug\terrain.obj
c:\users\user\downloads\directx_3d (1)\directx3d\x64\debug\monster.obj
c:\users\user\downloads\directx_3d (1)\directx3d\x64\debug\defenceplayer.obj
c:\users\user\downloads\directx_3d (1)\directx3d\x64\debug\sphere.obj
c:\users\user\downloads\directx_3d (1)\directx3d\x64\debug\quad.obj
c:\users\user\downloads\directx_3d (1)\directx3d\x64\debug\gameobject.obj
c:\users\user\downloads\directx_3d (1)\directx3d\x64\debug\cylinder.obj
c:\users\user\downloads\directx_3d (1)\directx3d\x64\debug\cube.obj
c:\users\user\downloads\directx_3d (1)\directx3d\x64\debug\character.obj
c:\users\user\downloads\directx_3d (1)\directx3d\x64\debug\scenemanager.obj
c:\users\user\downloads\directx_3d (1)\directx3d\x64\debug\gamemanager.obj
c:\users\user\downloads\directx_3d (1)\directx3d\x64\debug\cubepoolingmanager.obj
c:\users\user\downloads\directx_3d (1)\directx3d\x64\debug\collidermanager.obj
c:\users\user\downloads\directx_3d (1)\directx3d\x64\debug\tutorialscene.obj
c:\users\user\downloads\directx_3d (1)\directx3d\x64\debug\testscene.obj
c:\users\user\downloads\directx_3d (1)\directx3d\x64\debug\animinstanceeditorscene.obj
c:\users\user\downloads\directx_3d (1)\directx3d\x64\debug\terrainscene.obj
c:\users\user\downloads\directx_3d (1)\directx3d\x64\debug\terraineditorscene.obj
c:\users\user\downloads\directx_3d (1)\directx3d\x64\debug\spherescene.obj
c:\users\user\downloads\directx_3d (1)\directx3d\x64\debug\modelrenderscene.obj
c:\users\user\downloads\directx_3d (1)\directx3d\x64\debug\modelexportscene.obj
c:\users\user\downloads\directx_3d (1)\directx3d\x64\debug\modelanimationscene.obj
c:\users\user\downloads\directx_3d (1)\directx3d\x64\debug\lightscene.obj
c:\users\user\downloads\directx_3d (1)\directx3d\x64\debug\instancingscene.obj
c:\users\user\downloads\directx_3d (1)\x64\debug\collider.cso
c:\users\user\downloads\directx_3d (1)\x64\debug\texture.cso
c:\users\user\downloads\directx_3d (1)\x64\debug\grid.cso
c:\users\user\downloads\directx_3d (1)\x64\debug\byteaddress.cso
c:\users\user\downloads\directx_3d (1)\x64\debug\computepicking.cso
c:\users\user\downloads\directx_3d (1)\x64\debug\terrain.cso
c:\users\user\downloads\directx_3d (1)\x64\debug\terraineditor.cso
c:\users\user\downloads\directx_3d (1)\x64\debug\light.cso
c:\users\user\downloads\directx_3d (1)\x64\debug\modelanimation.cso
c:\users\user\downloads\directx_3d (1)\x64\debug\modelanimationinstancing.cso
c:\users\user\downloads\directx_3d (1)\x64\debug\modelinstancing.cso
c:\users\sbauser\downloads\directx_3d (1)\x64\debug\directx3d.lib
c:\users\sbauser\downloads\directx_3d (1)\x64\debug\directx3d.exp
c:\users\user\downloads\directx_3d\x64\debug\directx3d.lib
c:\users\user\downloads\directx_3d\x64\debug\directx3d.exp
c:\users\sbauser\downloads\directx_3d (2)\x64\debug\directx3d.lib
c:\users\sbauser\downloads\directx_3d (2)\x64\debug\directx3d.exp
c:\users\sbauser\downloads\directx_3d (4)\x64\debug\directx3d.lib
c:\users\sbauser\downloads\directx_3d (4)\x64\debug\directx3d.exp
c:\users\user\downloads\directx_3d (1)\x64\debug\directx3d.lib
c:\users\user\downloads\directx_3d (1)\x64\debug\directx3d.exp
c:\users\user\downloads\directx_3d (1)\x64\debug\directx3d.exe
c:\users\user\downloads\directx_3d (1)\directx3d\x64\debug\directx3d.ilk
c:\users\user\downloads\directx_3d (1)\x64\debug\directx3d.pdb
c:\users\user\downloads\directx_3d (1)\directx3d\x64\debug\directx3d.res
c:\users\user\downloads\directx_3d (1)\directx3d\x64\debug\espe72a.tmp
c:\users\user\downloads\directx_3d (1)\directx3d\x64\debug\directx3d.tlog\cl.command.1.tlog
c:\users\user\downloads\directx_3d (1)\directx3d\x64\debug\directx3d.tlog\cl.read.1.tlog
c:\users\user\downloads\directx_3d (1)\directx3d\x64\debug\directx3d.tlog\cl.write.1.tlog
c:\users\user\downloads\directx_3d (1)\directx3d\x64\debug\directx3d.tlog\fxc.command.1.tlog
c:\users\user\downloads\directx_3d (1)\directx3d\x64\debug\directx3d.tlog\fxc.read.1.tlog
c:\users\user\downloads\directx_3d (1)\directx3d\x64\debug\directx3d.tlog\fxc.write.1.tlog
c:\users\user\downloads\directx_3d (1)\directx3d\x64\debug\directx3d.tlog\link.command.1.tlog
c:\users\user\downloads\directx_3d (1)\directx3d\x64\debug\directx3d.tlog\link.read.1.tlog
c:\users\user\downloads\directx_3d (1)\directx3d\x64\debug\directx3d.tlog\link.write.1.tlog
c:\users\user\downloads\directx_3d (1)\directx3d\x64\debug\directx3d.tlog\link.write.2u.tlog
c:\users\user\downloads\directx_3d (1)\directx3d\x64\debug\directx3d.tlog\rc.command.1.tlog
c:\users\user\downloads\directx_3d (1)\directx3d\x64\debug\directx3d.tlog\rc.read.1.tlog
c:\users\user\downloads\directx_3d (1)\directx3d\x64\debug\directx3d.tlog\rc.write.1.tlog
